android/app/build/intermediates/manifest_merge_blame_file/debug/manifest-merger-blame-debug-report.txt
1<?xml version="1.0" encoding="utf-8"?>
2<manifest xmlns:android="http://schemas.android.com/apk/res/android"
3    package="com.rn_chatapp"
4    android:versionCode="1"
5    android:versionName="1.0" >
6
7    <uses-sdk
8        android:minSdkVersion="16"
9        android:targetSdkVersion="29" />
10
11    <uses-permission android:name="android.permission.SYSTEM_ALERT_WINDOW" />
11-->src/debug/AndroidManifest.xml:5:5-77
11-->src/debug/AndroidManifest.xml:5:22-75
12    <uses-permission android:name="android.permission.INTERNET" />
12-->src/main/AndroidManifest.xml:4:5-67
12-->src/main/AndroidManifest.xml:4:22-64
13    <uses-permission android:name="android.permission.ACCESS_WIFI_STATE" />
13-->[com.facebook.flipper:flipper:0.54.0] AndroidManifest.xml:16:5-76
13-->[com.facebook.flipper:flipper:0.54.0] AndroidManifest.xml:16:22-73
14    <uses-permission android:name="android.permission.WAKE_LOCK" />
14-->[:react-native-firebase_auth] AndroidManifest.xml:12:5-68
14-->[:react-native-firebase_auth] AndroidManifest.xml:12:22-65
15    <uses-permission android:name="android.permission.ACCESS_NETWORK_STATE" />
15-->[:react-native-firebase_auth] AndroidManifest.xml:13:5-79
15-->[:react-native-firebase_auth] AndroidManifest.xml:13:22-76
16    <uses-permission android:name="com.google.android.finsky.permission.BIND_GET_INSTALL_REFERRER_SERVICE" />
16-->[com.google.android.gms:play-services-measurement:18.0.0] AndroidManifest.xml:26:5-110
16-->[com.google.android.gms:play-services-measurement:18.0.0] AndroidManifest.xml:26:22-107
17
18    <application
18-->src/main/AndroidManifest.xml:6:5-25:19
19        android:name="com.rn_chatapp.MainApplication"
19-->src/main/AndroidManifest.xml:7:7-38
20        android:allowBackup="false"
20-->src/main/AndroidManifest.xml:11:7-34
21        android:appComponentFactory="androidx.core.app.CoreComponentFactory"
21-->[androidx.core:core:1.1.0] AndroidManifest.xml:24:18-86
22        android:debuggable="true"
23        android:icon="@mipmap/ic_launcher"
23-->src/main/AndroidManifest.xml:9:7-41
24        android:label="@string/app_name"
24-->src/main/AndroidManifest.xml:8:7-39
25        android:roundIcon="@mipmap/ic_launcher_round"
25-->src/main/AndroidManifest.xml:10:7-52
26        android:theme="@style/AppTheme"
26-->src/main/AndroidManifest.xml:12:7-38
27        android:usesCleartextTraffic="true" >
27-->src/debug/AndroidManifest.xml:7:18-53
28        <activity
28-->src/main/AndroidManifest.xml:13:7-23:18
29            android:name="com.rn_chatapp.MainActivity"
29-->src/main/AndroidManifest.xml:14:9-37
30            android:configChanges="keyboard|keyboardHidden|orientation|screenSize|uiMode"
30-->src/main/AndroidManifest.xml:16:9-86
31            android:label="@string/app_name"
31-->src/main/AndroidManifest.xml:15:9-41
32            android:launchMode="singleTask"
32-->src/main/AndroidManifest.xml:17:9-40
33            android:windowSoftInputMode="adjustResize" >
33-->src/main/AndroidManifest.xml:18:9-51
34            <intent-filter>
34-->src/main/AndroidManifest.xml:19:9-22:25
35                <action android:name="android.intent.action.MAIN" />
35-->src/main/AndroidManifest.xml:20:13-65
35-->src/main/AndroidManifest.xml:20:21-62
36
37                <category android:name="android.intent.category.LAUNCHER" />
37-->src/main/AndroidManifest.xml:21:13-73
37-->src/main/AndroidManifest.xml:21:23-70
38            </intent-filter>
39        </activity>
40        <activity android:name="com.facebook.react.devsupport.DevSettingsActivity" />
40-->src/main/AndroidManifest.xml:24:7-84
40-->src/main/AndroidManifest.xml:24:17-81
41
42        <service
42-->[com.google.firebase:firebase-firestore:22.0.0] AndroidManifest.xml:17:9-23:19
43            android:name="com.google.firebase.components.ComponentDiscoveryService"
43-->[com.google.firebase:firebase-firestore:22.0.0] AndroidManifest.xml:18:13-84
44            android:directBootAware="true"
44-->[com.google.firebase:firebase-common:19.3.1] AndroidManifest.xml:35:13-43
45            android:exported="false" >
45-->[com.google.firebase:firebase-firestore:22.0.0] AndroidManifest.xml:19:13-37
46            <meta-data
46-->[com.google.firebase:firebase-firestore:22.0.0] AndroidManifest.xml:20:13-22:85
47                android:name="com.google.firebase.components:com.google.firebase.firestore.FirestoreRegistrar"
47-->[com.google.firebase:firebase-firestore:22.0.0] AndroidManifest.xml:21:17-111
48                android:value="com.google.firebase.components.ComponentRegistrar" />
48-->[com.google.firebase:firebase-firestore:22.0.0] AndroidManifest.xml:22:17-82
49            <meta-data
49-->[com.google.firebase:firebase-auth:20.0.0] AndroidManifest.xml:85:13-87:85
50                android:name="com.google.firebase.components:com.google.firebase.auth.FirebaseAuthRegistrar"
50-->[com.google.firebase:firebase-auth:20.0.0] AndroidManifest.xml:86:17-109
51                android:value="com.google.firebase.components.ComponentRegistrar" />
51-->[com.google.firebase:firebase-auth:20.0.0] AndroidManifest.xml:87:17-82
52            <meta-data
52-->[com.google.android.gms:play-services-measurement-api:18.0.0] AndroidManifest.xml:30:13-32:85
53                android:name="com.google.firebase.components:com.google.firebase.analytics.connector.internal.AnalyticsConnectorRegistrar"
53-->[com.google.android.gms:play-services-measurement-api:18.0.0] AndroidManifest.xml:31:17-139
54                android:value="com.google.firebase.components.ComponentRegistrar" />
54-->[com.google.android.gms:play-services-measurement-api:18.0.0] AndroidManifest.xml:32:17-82
55            <meta-data
55-->[com.google.firebase:firebase-installations:16.3.3] AndroidManifest.xml:17:13-19:85
56                android:name="com.google.firebase.components:com.google.firebase.installations.FirebaseInstallationsRegistrar"
56-->[com.google.firebase:firebase-installations:16.3.3] AndroidManifest.xml:18:17-127
57                android:value="com.google.firebase.components.ComponentRegistrar" />
57-->[com.google.firebase:firebase-installations:16.3.3] AndroidManifest.xml:19:17-82
58        </service>
59
60        <activity
60-->[com.google.android.gms:play-services-auth:18.1.0] AndroidManifest.xml:23:9-27:75
61            android:name="com.google.android.gms.auth.api.signin.internal.SignInHubActivity"
61-->[com.google.android.gms:play-services-auth:18.1.0] AndroidManifest.xml:24:13-93
62            android:excludeFromRecents="true"
62-->[com.google.android.gms:play-services-auth:18.1.0] AndroidManifest.xml:25:13-46
63            android:exported="false"
63-->[com.google.android.gms:play-services-auth:18.1.0] AndroidManifest.xml:26:13-37
64            android:theme="@android:style/Theme.Translucent.NoTitleBar" />
64-->[com.google.android.gms:play-services-auth:18.1.0] AndroidManifest.xml:27:13-72
65        <!--
66            Service handling Google Sign-In user revocation. For apps that do not integrate with
67            Google Sign-In, this service will never be started.
68        -->
69        <service
69-->[com.google.android.gms:play-services-auth:18.1.0] AndroidManifest.xml:33:9-37:51
70            android:name="com.google.android.gms.auth.api.signin.RevocationBoundService"
70-->[com.google.android.gms:play-services-auth:18.1.0] AndroidManifest.xml:34:13-89
71            android:exported="true"
71-->[com.google.android.gms:play-services-auth:18.1.0] AndroidManifest.xml:35:13-36
72            android:permission="com.google.android.gms.auth.api.signin.permission.REVOCATION_NOTIFICATION"
72-->[com.google.android.gms:play-services-auth:18.1.0] AndroidManifest.xml:36:13-107
73            android:visibleToInstantApps="true" />
73-->[com.google.android.gms:play-services-auth:18.1.0] AndroidManifest.xml:37:13-48
74
75        <activity
75-->[com.google.firebase:firebase-auth:20.0.0] AndroidManifest.xml:27:9-34:50
76            android:name="com.google.firebase.auth.internal.FederatedSignInActivity"
76-->[com.google.firebase:firebase-auth:20.0.0] AndroidManifest.xml:28:13-85
77            android:excludeFromRecents="true"
77-->[com.google.firebase:firebase-auth:20.0.0] AndroidManifest.xml:29:13-46
78            android:exported="true"
78-->[com.google.firebase:firebase-auth:20.0.0] AndroidManifest.xml:30:13-36
79            android:launchMode="singleTask"
79-->[com.google.firebase:firebase-auth:20.0.0] AndroidManifest.xml:31:13-44
80            android:permission="com.google.firebase.auth.api.gms.permission.LAUNCH_FEDERATED_SIGN_IN"
80-->[com.google.firebase:firebase-auth:20.0.0] AndroidManifest.xml:32:13-102
81            android:theme="@android:style/Theme.Translucent.NoTitleBar" />
81-->[com.google.firebase:firebase-auth:20.0.0] AndroidManifest.xml:33:13-72
82        <activity
82-->[com.google.firebase:firebase-auth:20.0.0] AndroidManifest.xml:35:9-52:20
83            android:name="com.google.firebase.auth.internal.GenericIdpActivity"
83-->[com.google.firebase:firebase-auth:20.0.0] AndroidManifest.xml:36:13-80
84            android:excludeFromRecents="true"
84-->[com.google.firebase:firebase-auth:20.0.0] AndroidManifest.xml:37:13-46
85            android:exported="true"
85-->[com.google.firebase:firebase-auth:20.0.0] AndroidManifest.xml:38:13-36
86            android:launchMode="singleTask"
86-->[com.google.firebase:firebase-auth:20.0.0] AndroidManifest.xml:39:13-44
87            android:theme="@android:style/Theme.Translucent.NoTitleBar" >
87-->[com.google.firebase:firebase-auth:20.0.0] AndroidManifest.xml:40:13-72
88            <intent-filter>
88-->[com.google.firebase:firebase-auth:20.0.0] AndroidManifest.xml:41:13-51:29
89                <action android:name="android.intent.action.VIEW" />
89-->[com.google.firebase:firebase-auth:20.0.0] AndroidManifest.xml:42:17-69
89-->[com.google.firebase:firebase-auth:20.0.0] AndroidManifest.xml:42:25-66
90
91                <category android:name="android.intent.category.DEFAULT" />
91-->[com.google.firebase:firebase-auth:20.0.0] AndroidManifest.xml:44:17-76
91-->[com.google.firebase:firebase-auth:20.0.0] AndroidManifest.xml:44:27-73
92                <category android:name="android.intent.category.BROWSABLE" />
92-->[com.google.firebase:firebase-auth:20.0.0] AndroidManifest.xml:45:17-78
92-->[com.google.firebase:firebase-auth:20.0.0] AndroidManifest.xml:45:27-75
93
94                <data
94-->[com.google.firebase:firebase-auth:20.0.0] AndroidManifest.xml:47:17-50:51
95                    android:host="firebase.auth"
95-->[com.google.firebase:firebase-auth:20.0.0] AndroidManifest.xml:48:21-49
96                    android:path="/"
96-->[com.google.firebase:firebase-auth:20.0.0] AndroidManifest.xml:49:21-37
97                    android:scheme="genericidp" />
97-->[com.google.firebase:firebase-auth:20.0.0] AndroidManifest.xml:50:21-48
98            </intent-filter>
99        </activity>
100        <activity
100-->[com.google.firebase:firebase-auth:20.0.0] AndroidManifest.xml:53:9-70:20
101            android:name="com.google.firebase.auth.internal.RecaptchaActivity"
101-->[com.google.firebase:firebase-auth:20.0.0] AndroidManifest.xml:54:13-79
102            android:excludeFromRecents="true"
102-->[com.google.firebase:firebase-auth:20.0.0] AndroidManifest.xml:55:13-46
103            android:exported="true"
103-->[com.google.firebase:firebase-auth:20.0.0] AndroidManifest.xml:56:13-36
104            android:launchMode="singleTask"
104-->[com.google.firebase:firebase-auth:20.0.0] AndroidManifest.xml:57:13-44
105            android:theme="@android:style/Theme.Translucent.NoTitleBar" >
105-->[com.google.firebase:firebase-auth:20.0.0] AndroidManifest.xml:58:13-72
106            <intent-filter>
106-->[com.google.firebase:firebase-auth:20.0.0] AndroidManifest.xml:59:13-69:29
107                <action android:name="android.intent.action.VIEW" />
107-->[com.google.firebase:firebase-auth:20.0.0] AndroidManifest.xml:42:17-69
107-->[com.google.firebase:firebase-auth:20.0.0] AndroidManifest.xml:42:25-66
108
109                <category android:name="android.intent.category.DEFAULT" />
109-->[com.google.firebase:firebase-auth:20.0.0] AndroidManifest.xml:44:17-76
109-->[com.google.firebase:firebase-auth:20.0.0] AndroidManifest.xml:44:27-73
110                <category android:name="android.intent.category.BROWSABLE" />
110-->[com.google.firebase:firebase-auth:20.0.0] AndroidManifest.xml:45:17-78
110-->[com.google.firebase:firebase-auth:20.0.0] AndroidManifest.xml:45:27-75
111
112                <data
112-->[com.google.firebase:firebase-auth:20.0.0] AndroidManifest.xml:47:17-50:51
113                    android:host="firebase.auth"
113-->[com.google.firebase:firebase-auth:20.0.0] AndroidManifest.xml:48:21-49
114                    android:path="/"
114-->[com.google.firebase:firebase-auth:20.0.0] AndroidManifest.xml:49:21-37
115                    android:scheme="recaptcha" />
115-->[com.google.firebase:firebase-auth:20.0.0] AndroidManifest.xml:50:21-48
116            </intent-filter>
117        </activity>
118
119        <service
119-->[com.google.firebase:firebase-auth:20.0.0] AndroidManifest.xml:72:9-81:19
120            android:name="com.google.firebase.auth.api.fallback.service.FirebaseAuthFallbackService"
120-->[com.google.firebase:firebase-auth:20.0.0] AndroidManifest.xml:73:13-101
121            android:enabled="true"
121-->[com.google.firebase:firebase-auth:20.0.0] AndroidManifest.xml:74:13-35
122            android:exported="false" >
122-->[com.google.firebase:firebase-auth:20.0.0] AndroidManifest.xml:75:13-37
123            <intent-filter>
123-->[com.google.firebase:firebase-auth:20.0.0] AndroidManifest.xml:76:13-80:29
124                <action android:name="com.google.firebase.auth.api.gms.service.START" />
124-->[com.google.firebase:firebase-auth:20.0.0] AndroidManifest.xml:77:17-89
124-->[com.google.firebase:firebase-auth:20.0.0] AndroidManifest.xml:77:25-86
125
126                <category android:name="android.intent.category.DEFAULT" />
126-->[com.google.firebase:firebase-auth:20.0.0] AndroidManifest.xml:44:17-76
126-->[com.google.firebase:firebase-auth:20.0.0] AndroidManifest.xml:44:27-73
127            </intent-filter>
128        </service>
129
130        <activity
130-->[com.google.android.gms:play-services-base:17.1.0] AndroidManifest.xml:23:9-26:75
131            android:name="com.google.android.gms.common.api.GoogleApiActivity"
131-->[com.google.android.gms:play-services-base:17.1.0] AndroidManifest.xml:24:13-79
132            android:exported="false"
132-->[com.google.android.gms:play-services-base:17.1.0] AndroidManifest.xml:25:13-37
133            android:theme="@android:style/Theme.Translucent.NoTitleBar" />
133-->[com.google.android.gms:play-services-base:17.1.0] AndroidManifest.xml:26:13-72
134
135        <provider
135-->[com.google.firebase:firebase-common:19.3.1] AndroidManifest.xml:26:9-31:39
136            android:name="com.google.firebase.provider.FirebaseInitProvider"
136-->[com.google.firebase:firebase-common:19.3.1] AndroidManifest.xml:27:13-77
137            android:authorities="com.rn_chatapp.firebaseinitprovider"
137-->[com.google.firebase:firebase-common:19.3.1] AndroidManifest.xml:28:13-72
138            android:directBootAware="true"
138-->[com.google.firebase:firebase-common:19.3.1] AndroidManifest.xml:29:13-43
139            android:exported="false"
139-->[com.google.firebase:firebase-common:19.3.1] AndroidManifest.xml:30:13-37
140            android:initOrder="100" />
140-->[com.google.firebase:firebase-common:19.3.1] AndroidManifest.xml:31:13-36
141
142        <receiver
142-->[com.google.android.gms:play-services-measurement:18.0.0] AndroidManifest.xml:29:9-33:20
143            android:name="com.google.android.gms.measurement.AppMeasurementReceiver"
143-->[com.google.android.gms:play-services-measurement:18.0.0] AndroidManifest.xml:30:13-85
144            android:enabled="true"
144-->[com.google.android.gms:play-services-measurement:18.0.0] AndroidManifest.xml:31:13-35
145            android:exported="false" >
145-->[com.google.android.gms:play-services-measurement:18.0.0] AndroidManifest.xml:32:13-37
146        </receiver>
147
148        <service
148-->[com.google.android.gms:play-services-measurement:18.0.0] AndroidManifest.xml:35:9-38:40
149            android:name="com.google.android.gms.measurement.AppMeasurementService"
149-->[com.google.android.gms:play-services-measurement:18.0.0] AndroidManifest.xml:36:13-84
150            android:enabled="true"
150-->[com.google.android.gms:play-services-measurement:18.0.0] AndroidManifest.xml:37:13-35
151            android:exported="false" />
151-->[com.google.android.gms:play-services-measurement:18.0.0] AndroidManifest.xml:38:13-37
152        <service
152-->[com.google.android.gms:play-services-measurement:18.0.0] AndroidManifest.xml:39:9-43:72
153            android:name="com.google.android.gms.measurement.AppMeasurementJobService"
153-->[com.google.android.gms:play-services-measurement:18.0.0] AndroidManifest.xml:40:13-87
154            android:enabled="true"
154-->[com.google.android.gms:play-services-measurement:18.0.0] AndroidManifest.xml:41:13-35
155            android:exported="false"
155-->[com.google.android.gms:play-services-measurement:18.0.0] AndroidManifest.xml:42:13-37
156            android:permission="android.permission.BIND_JOB_SERVICE" />
156-->[com.google.android.gms:play-services-measurement:18.0.0] AndroidManifest.xml:43:13-69
157
158        <meta-data
158-->[com.google.android.gms:play-services-basement:17.1.1] AndroidManifest.xml:23:9-25:69
159            android:name="com.google.android.gms.version"
159-->[com.google.android.gms:play-services-basement:17.1.1] AndroidManifest.xml:24:13-58
160            android:value="@integer/google_play_services_version" />
160-->[com.google.android.gms:play-services-basement:17.1.1] AndroidManifest.xml:25:13-66
161    </application>
162
163</manifest>